INFO - 2023-05-10 17:02:23 --> Session: Class initialized using 'CodeIgniter\Session\Handlers\FileHandler' driver.
INFO - 2023-05-10 17:02:51 --> Session: Class initialized using 'CodeIgniter\Session\Handlers\FileHandler' driver.
INFO - 2023-05-10 18:08:02 --> Session: Class initialized using 'CodeIgniter\Session\Handlers\FileHandler' driver.
INFO - 2023-05-10 18:26:27 --> Session: Class initialized using 'CodeIgniter\Session\Handlers\FileHandler' driver.
INFO - 2023-05-10 18:26:28 --> Session: Class initialized using 'CodeIgniter\Session\Handlers\FileHandler' driver.
INFO - 2023-05-10 18:26:29 --> Session: Class initialized using 'CodeIgniter\Session\Handlers\FileHandler' driver.
INFO - 2023-05-10 18:26:29 --> Session: Class initialized using 'CodeIgniter\Session\Handlers\FileHandler' driver.
INFO - 2023-05-10 18:26:31 --> Session: Class initialized using 'CodeIgniter\Session\Handlers\FileHandler' driver.
INFO - 2023-05-10 18:26:40 --> Session: Class initialized using 'CodeIgniter\Session\Handlers\FileHandler' driver.
INFO - 2023-05-10 18:31:04 --> Session: Class initialized using 'CodeIgniter\Session\Handlers\FileHandler' driver.
CRITICAL - 2023-05-10 18:31:04 --> Cannot use object of type CodeIgniter\Database\MySQLi\Result as array
in APPPATH\Views\admin\dosen\edit.php on line 42.
 1 SYSTEMPATH\View\View.php(213): include()
 2 SYSTEMPATH\View\View.php(216): CodeIgniter\View\View->CodeIgniter\View\{closure}()
 3 SYSTEMPATH\Common.php(1184): CodeIgniter\View\View->render('admin/dosen/edit', [], true)
 4 APPPATH\Controllers\Admin\Dosen.php(75): view('admin/dosen/edit', [...])
 5 SYSTEMPATH\CodeIgniter.php(934): App\Controllers\Admin\Dosen->edit('1')
 6 SYSTEMPATH\CodeIgniter.php(499): CodeIgniter\CodeIgniter->runController(Object(App\Controllers\Admin\Dosen))
 7 SYSTEMPATH\CodeIgniter.php(368): CodeIgniter\CodeIgniter->handleRequest(null, Object(Config\Cache), false)
 8 FCPATH\index.php(67): CodeIgniter\CodeIgniter->run()
 9 SYSTEMPATH\Commands\Server\rewrite.php(47): require_once('D:\\Haitsam\\PHP Projects\\Codeigniter 4\\perlombaan-fit-telkom\\public\\index.php')
INFO - 2023-05-10 18:37:02 --> Session: Class initialized using 'CodeIgniter\Session\Handlers\FileHandler' driver.
CRITICAL - 2023-05-10 18:37:02 --> Call to undefined method CodeIgniter\Database\MySQLi\Result::first()
in APPPATH\Controllers\Admin\Dosen.php on line 75.
 1 SYSTEMPATH\CodeIgniter.php(934): App\Controllers\Admin\Dosen->edit('1')
 2 SYSTEMPATH\CodeIgniter.php(499): CodeIgniter\CodeIgniter->runController(Object(App\Controllers\Admin\Dosen))
 3 SYSTEMPATH\CodeIgniter.php(368): CodeIgniter\CodeIgniter->handleRequest(null, Object(Config\Cache), false)
 4 FCPATH\index.php(67): CodeIgniter\CodeIgniter->run()
 5 SYSTEMPATH\Commands\Server\rewrite.php(47): require_once('D:\\Haitsam\\PHP Projects\\Codeigniter 4\\perlombaan-fit-telkom\\public\\index.php')
INFO - 2023-05-10 18:37:14 --> Session: Class initialized using 'CodeIgniter\Session\Handlers\FileHandler' driver.
CRITICAL - 2023-05-10 18:37:14 --> Call to undefined method CodeIgniter\Database\MySQLi\Builder::first()
in APPPATH\Controllers\Admin\Dosen.php on line 75.
 1 SYSTEMPATH\CodeIgniter.php(934): App\Controllers\Admin\Dosen->edit('1')
 2 SYSTEMPATH\CodeIgniter.php(499): CodeIgniter\CodeIgniter->runController(Object(App\Controllers\Admin\Dosen))
 3 SYSTEMPATH\CodeIgniter.php(368): CodeIgniter\CodeIgniter->handleRequest(null, Object(Config\Cache), false)
 4 FCPATH\index.php(67): CodeIgniter\CodeIgniter->run()
 5 SYSTEMPATH\Commands\Server\rewrite.php(47): require_once('D:\\Haitsam\\PHP Projects\\Codeigniter 4\\perlombaan-fit-telkom\\public\\index.php')
INFO - 2023-05-10 18:38:04 --> Session: Class initialized using 'CodeIgniter\Session\Handlers\FileHandler' driver.
CRITICAL - 2023-05-10 18:38:04 --> Call to undefined method CodeIgniter\Database\MySQLi\Builder::getRow()
in APPPATH\Controllers\Admin\Dosen.php on line 75.
 1 SYSTEMPATH\CodeIgniter.php(934): App\Controllers\Admin\Dosen->edit('1')
 2 SYSTEMPATH\CodeIgniter.php(499): CodeIgniter\CodeIgniter->runController(Object(App\Controllers\Admin\Dosen))
 3 SYSTEMPATH\CodeIgniter.php(368): CodeIgniter\CodeIgniter->handleRequest(null, Object(Config\Cache), false)
 4 FCPATH\index.php(67): CodeIgniter\CodeIgniter->run()
 5 SYSTEMPATH\Commands\Server\rewrite.php(47): require_once('D:\\Haitsam\\PHP Projects\\Codeigniter 4\\perlombaan-fit-telkom\\public\\index.php')
INFO - 2023-05-10 18:38:55 --> Session: Class initialized using 'CodeIgniter\Session\Handlers\FileHandler' driver.
CRITICAL - 2023-05-10 18:38:55 --> Call to undefined method CodeIgniter\Database\MySQLi\Builder::getRow()
in APPPATH\Controllers\Admin\Dosen.php on line 75.
 1 SYSTEMPATH\CodeIgniter.php(934): App\Controllers\Admin\Dosen->edit('1')
 2 SYSTEMPATH\CodeIgniter.php(499): CodeIgniter\CodeIgniter->runController(Object(App\Controllers\Admin\Dosen))
 3 SYSTEMPATH\CodeIgniter.php(368): CodeIgniter\CodeIgniter->handleRequest(null, Object(Config\Cache), false)
 4 FCPATH\index.php(67): CodeIgniter\CodeIgniter->run()
 5 SYSTEMPATH\Commands\Server\rewrite.php(47): require_once('D:\\Haitsam\\PHP Projects\\Codeigniter 4\\perlombaan-fit-telkom\\public\\index.php')
INFO - 2023-05-10 18:40:16 --> Session: Class initialized using 'CodeIgniter\Session\Handlers\FileHandler' driver.
CRITICAL - 2023-05-10 18:40:16 --> Call to undefined method CodeIgniter\Database\MySQLi\Builder::getRow()
in APPPATH\Controllers\Admin\Dosen.php on line 70.
 1 SYSTEMPATH\CodeIgniter.php(934): App\Controllers\Admin\Dosen->edit('1')
 2 SYSTEMPATH\CodeIgniter.php(499): CodeIgniter\CodeIgniter->runController(Object(App\Controllers\Admin\Dosen))
 3 SYSTEMPATH\CodeIgniter.php(368): CodeIgniter\CodeIgniter->handleRequest(null, Object(Config\Cache), false)
 4 FCPATH\index.php(67): CodeIgniter\CodeIgniter->run()
 5 SYSTEMPATH\Commands\Server\rewrite.php(47): require_once('D:\\Haitsam\\PHP Projects\\Codeigniter 4\\perlombaan-fit-telkom\\public\\index.php')
INFO - 2023-05-10 18:40:25 --> Session: Class initialized using 'CodeIgniter\Session\Handlers\FileHandler' driver.
INFO - 2023-05-10 18:40:47 --> Session: Class initialized using 'CodeIgniter\Session\Handlers\FileHandler' driver.
CRITICAL - 2023-05-10 18:40:47 --> Call to undefined method CodeIgniter\Database\MySQLi\Builder::row()
in APPPATH\Controllers\Admin\Dosen.php on line 70.
 1 SYSTEMPATH\CodeIgniter.php(934): App\Controllers\Admin\Dosen->edit('1')
 2 SYSTEMPATH\CodeIgniter.php(499): CodeIgniter\CodeIgniter->runController(Object(App\Controllers\Admin\Dosen))
 3 SYSTEMPATH\CodeIgniter.php(368): CodeIgniter\CodeIgniter->handleRequest(null, Object(Config\Cache), false)
 4 FCPATH\index.php(67): CodeIgniter\CodeIgniter->run()
 5 SYSTEMPATH\Commands\Server\rewrite.php(47): require_once('D:\\Haitsam\\PHP Projects\\Codeigniter 4\\perlombaan-fit-telkom\\public\\index.php')
INFO - 2023-05-10 18:41:01 --> Session: Class initialized using 'CodeIgniter\Session\Handlers\FileHandler' driver.
INFO - 2023-05-10 18:41:58 --> Session: Class initialized using 'CodeIgniter\Session\Handlers\FileHandler' driver.
INFO - 2023-05-10 18:42:26 --> Session: Class initialized using 'CodeIgniter\Session\Handlers\FileHandler' driver.
CRITICAL - 2023-05-10 18:42:26 --> Call to undefined method CodeIgniter\Database\MySQLi\Builder::getRow()
in APPPATH\Controllers\Admin\Dosen.php on line 75.
 1 SYSTEMPATH\CodeIgniter.php(934): App\Controllers\Admin\Dosen->edit('1')
 2 SYSTEMPATH\CodeIgniter.php(499): CodeIgniter\CodeIgniter->runController(Object(App\Controllers\Admin\Dosen))
 3 SYSTEMPATH\CodeIgniter.php(368): CodeIgniter\CodeIgniter->handleRequest(null, Object(Config\Cache), false)
 4 FCPATH\index.php(67): CodeIgniter\CodeIgniter->run()
 5 SYSTEMPATH\Commands\Server\rewrite.php(47): require_once('D:\\Haitsam\\PHP Projects\\Codeigniter 4\\perlombaan-fit-telkom\\public\\index.php')
INFO - 2023-05-10 18:42:46 --> Session: Class initialized using 'CodeIgniter\Session\Handlers\FileHandler' driver.
CRITICAL - 2023-05-10 18:42:46 --> Cannot use object of type CodeIgniter\Database\MySQLi\Result as array
in APPPATH\Views\admin\dosen\edit.php on line 42.
 1 SYSTEMPATH\View\View.php(213): include()
 2 SYSTEMPATH\View\View.php(216): CodeIgniter\View\View->CodeIgniter\View\{closure}()
 3 SYSTEMPATH\Common.php(1184): CodeIgniter\View\View->render('admin/dosen/edit', [], true)
 4 APPPATH\Controllers\Admin\Dosen.php(75): view('admin/dosen/edit', [...])
 5 SYSTEMPATH\CodeIgniter.php(934): App\Controllers\Admin\Dosen->edit('1')
 6 SYSTEMPATH\CodeIgniter.php(499): CodeIgniter\CodeIgniter->runController(Object(App\Controllers\Admin\Dosen))
 7 SYSTEMPATH\CodeIgniter.php(368): CodeIgniter\CodeIgniter->handleRequest(null, Object(Config\Cache), false)
 8 FCPATH\index.php(67): CodeIgniter\CodeIgniter->run()
 9 SYSTEMPATH\Commands\Server\rewrite.php(47): require_once('D:\\Haitsam\\PHP Projects\\Codeigniter 4\\perlombaan-fit-telkom\\public\\index.php')
INFO - 2023-05-10 18:44:37 --> Session: Class initialized using 'CodeIgniter\Session\Handlers\FileHandler' driver.
CRITICAL - 2023-05-10 18:44:37 --> Call to undefined method CodeIgniter\Database\MySQLi\Builder::getRow()
in APPPATH\Controllers\Admin\Dosen.php on line 75.
 1 SYSTEMPATH\CodeIgniter.php(934): App\Controllers\Admin\Dosen->edit('1')
 2 SYSTEMPATH\CodeIgniter.php(499): CodeIgniter\CodeIgniter->runController(Object(App\Controllers\Admin\Dosen))
 3 SYSTEMPATH\CodeIgniter.php(368): CodeIgniter\CodeIgniter->handleRequest(null, Object(Config\Cache), false)
 4 FCPATH\index.php(67): CodeIgniter\CodeIgniter->run()
 5 SYSTEMPATH\Commands\Server\rewrite.php(47): require_once('D:\\Haitsam\\PHP Projects\\Codeigniter 4\\perlombaan-fit-telkom\\public\\index.php')
INFO - 2023-05-10 18:45:43 --> Session: Class initialized using 'CodeIgniter\Session\Handlers\FileHandler' driver.
CRITICAL - 2023-05-10 18:45:43 --> Call to undefined method CodeIgniter\Database\MySQLi\Builder::getRow()
in APPPATH\Controllers\Admin\Dosen.php on line 75.
 1 SYSTEMPATH\CodeIgniter.php(934): App\Controllers\Admin\Dosen->edit('1')
 2 SYSTEMPATH\CodeIgniter.php(499): CodeIgniter\CodeIgniter->runController(Object(App\Controllers\Admin\Dosen))
 3 SYSTEMPATH\CodeIgniter.php(368): CodeIgniter\CodeIgniter->handleRequest(null, Object(Config\Cache), false)
 4 FCPATH\index.php(67): CodeIgniter\CodeIgniter->run()
 5 SYSTEMPATH\Commands\Server\rewrite.php(47): require_once('D:\\Haitsam\\PHP Projects\\Codeigniter 4\\perlombaan-fit-telkom\\public\\index.php')
INFO - 2023-05-10 18:45:44 --> Session: Class initialized using 'CodeIgniter\Session\Handlers\FileHandler' driver.
CRITICAL - 2023-05-10 18:45:44 --> Call to undefined method CodeIgniter\Database\MySQLi\Builder::getRow()
in APPPATH\Controllers\Admin\Dosen.php on line 75.
 1 SYSTEMPATH\CodeIgniter.php(934): App\Controllers\Admin\Dosen->edit('1')
 2 SYSTEMPATH\CodeIgniter.php(499): CodeIgniter\CodeIgniter->runController(Object(App\Controllers\Admin\Dosen))
 3 SYSTEMPATH\CodeIgniter.php(368): CodeIgniter\CodeIgniter->handleRequest(null, Object(Config\Cache), false)
 4 FCPATH\index.php(67): CodeIgniter\CodeIgniter->run()
 5 SYSTEMPATH\Commands\Server\rewrite.php(47): require_once('D:\\Haitsam\\PHP Projects\\Codeigniter 4\\perlombaan-fit-telkom\\public\\index.php')
INFO - 2023-05-10 18:45:54 --> Session: Class initialized using 'CodeIgniter\Session\Handlers\FileHandler' driver.
CRITICAL - 2023-05-10 18:45:54 --> Call to undefined method CodeIgniter\Database\MySQLi\Builder::getRow()
in APPPATH\Controllers\Admin\Dosen.php on line 75.
 1 SYSTEMPATH\CodeIgniter.php(934): App\Controllers\Admin\Dosen->edit('1')
 2 SYSTEMPATH\CodeIgniter.php(499): CodeIgniter\CodeIgniter->runController(Object(App\Controllers\Admin\Dosen))
 3 SYSTEMPATH\CodeIgniter.php(368): CodeIgniter\CodeIgniter->handleRequest(null, Object(Config\Cache), false)
 4 FCPATH\index.php(67): CodeIgniter\CodeIgniter->run()
 5 SYSTEMPATH\Commands\Server\rewrite.php(47): require_once('D:\\Haitsam\\PHP Projects\\Codeigniter 4\\perlombaan-fit-telkom\\public\\index.php')
INFO - 2023-05-10 18:47:11 --> Session: Class initialized using 'CodeIgniter\Session\Handlers\FileHandler' driver.
CRITICAL - 2023-05-10 18:47:11 --> Trying to access array offset on value of type null
in APPPATH\Views\admin\dosen\edit.php on line 42.
 1 APPPATH\Views\admin\dosen\edit.php(42): CodeIgniter\Debug\Exceptions->errorHandler(2, 'Trying to access array offset on value of type null', 'D:\\Haitsam\\PHP Projects\\Codeigniter 4\\perlombaan-fit-telkom\\app\\Views\\admin\\dosen\\edit.php', 42)
 2 SYSTEMPATH\View\View.php(213): include('D:\\Haitsam\\PHP Projects\\Codeigniter 4\\perlombaan-fit-telkom\\app\\Views\\admin\\dosen\\edit.php')
 3 SYSTEMPATH\View\View.php(216): CodeIgniter\View\View->CodeIgniter\View\{closure}()
 4 SYSTEMPATH\Common.php(1184): CodeIgniter\View\View->render('admin/dosen/edit', [], true)
 5 APPPATH\Controllers\Admin\Dosen.php(75): view('admin/dosen/edit', [...])
 6 SYSTEMPATH\CodeIgniter.php(934): App\Controllers\Admin\Dosen->edit('1')
 7 SYSTEMPATH\CodeIgniter.php(499): CodeIgniter\CodeIgniter->runController(Object(App\Controllers\Admin\Dosen))
 8 SYSTEMPATH\CodeIgniter.php(368): CodeIgniter\CodeIgniter->handleRequest(null, Object(Config\Cache), false)
 9 FCPATH\index.php(67): CodeIgniter\CodeIgniter->run()
10 SYSTEMPATH\Commands\Server\rewrite.php(47): require_once('D:\\Haitsam\\PHP Projects\\Codeigniter 4\\perlombaan-fit-telkom\\public\\index.php')
INFO - 2023-05-10 18:47:44 --> Session: Class initialized using 'CodeIgniter\Session\Handlers\FileHandler' driver.
CRITICAL - 2023-05-10 18:47:44 --> Trying to access array offset on value of type null
in APPPATH\Views\admin\dosen\edit.php on line 42.
 1 APPPATH\Views\admin\dosen\edit.php(42): CodeIgniter\Debug\Exceptions->errorHandler(2, 'Trying to access array offset on value of type null', 'D:\\Haitsam\\PHP Projects\\Codeigniter 4\\perlombaan-fit-telkom\\app\\Views\\admin\\dosen\\edit.php', 42)
 2 SYSTEMPATH\View\View.php(213): include('D:\\Haitsam\\PHP Projects\\Codeigniter 4\\perlombaan-fit-telkom\\app\\Views\\admin\\dosen\\edit.php')
 3 SYSTEMPATH\View\View.php(216): CodeIgniter\View\View->CodeIgniter\View\{closure}()
 4 SYSTEMPATH\Common.php(1184): CodeIgniter\View\View->render('admin/dosen/edit', [], true)
 5 APPPATH\Controllers\Admin\Dosen.php(75): view('admin/dosen/edit', [...])
 6 SYSTEMPATH\CodeIgniter.php(934): App\Controllers\Admin\Dosen->edit('1')
 7 SYSTEMPATH\CodeIgniter.php(499): CodeIgniter\CodeIgniter->runController(Object(App\Controllers\Admin\Dosen))
 8 SYSTEMPATH\CodeIgniter.php(368): CodeIgniter\CodeIgniter->handleRequest(null, Object(Config\Cache), false)
 9 FCPATH\index.php(67): CodeIgniter\CodeIgniter->run()
10 SYSTEMPATH\Commands\Server\rewrite.php(47): require_once('D:\\Haitsam\\PHP Projects\\Codeigniter 4\\perlombaan-fit-telkom\\public\\index.php')
INFO - 2023-05-10 18:48:01 --> Session: Class initialized using 'CodeIgniter\Session\Handlers\FileHandler' driver.
CRITICAL - 2023-05-10 18:48:01 --> Trying to access array offset on value of type null
in APPPATH\Views\admin\dosen\edit.php on line 42.
 1 APPPATH\Views\admin\dosen\edit.php(42): CodeIgniter\Debug\Exceptions->errorHandler(2, 'Trying to access array offset on value of type null', 'D:\\Haitsam\\PHP Projects\\Codeigniter 4\\perlombaan-fit-telkom\\app\\Views\\admin\\dosen\\edit.php', 42)
 2 SYSTEMPATH\View\View.php(213): include('D:\\Haitsam\\PHP Projects\\Codeigniter 4\\perlombaan-fit-telkom\\app\\Views\\admin\\dosen\\edit.php')
 3 SYSTEMPATH\View\View.php(216): CodeIgniter\View\View->CodeIgniter\View\{closure}()
 4 SYSTEMPATH\Common.php(1184): CodeIgniter\View\View->render('admin/dosen/edit', [], true)
 5 APPPATH\Controllers\Admin\Dosen.php(75): view('admin/dosen/edit', [...])
 6 SYSTEMPATH\CodeIgniter.php(934): App\Controllers\Admin\Dosen->edit('1')
 7 SYSTEMPATH\CodeIgniter.php(499): CodeIgniter\CodeIgniter->runController(Object(App\Controllers\Admin\Dosen))
 8 SYSTEMPATH\CodeIgniter.php(368): CodeIgniter\CodeIgniter->handleRequest(null, Object(Config\Cache), false)
 9 FCPATH\index.php(67): CodeIgniter\CodeIgniter->run()
10 SYSTEMPATH\Commands\Server\rewrite.php(47): require_once('D:\\Haitsam\\PHP Projects\\Codeigniter 4\\perlombaan-fit-telkom\\public\\index.php')
INFO - 2023-05-10 18:48:37 --> Session: Class initialized using 'CodeIgniter\Session\Handlers\FileHandler' driver.
INFO - 2023-05-10 18:50:58 --> Session: Class initialized using 'CodeIgniter\Session\Handlers\FileHandler' driver.
CRITICAL - 2023-05-10 18:50:58 --> Undefined property: mysqli::$fullname
in APPPATH\Controllers\Admin\Dosen.php on line 71.
 1 APPPATH\Controllers\Admin\Dosen.php(71): CodeIgniter\Debug\Exceptions->errorHandler(2, 'Undefined property: mysqli::$fullname', 'D:\\Haitsam\\PHP Projects\\Codeigniter 4\\perlombaan-fit-telkom\\app\\Controllers\\Admin\\Dosen.php', 71)
 2 SYSTEMPATH\CodeIgniter.php(934): App\Controllers\Admin\Dosen->edit('1')
 3 SYSTEMPATH\CodeIgniter.php(499): CodeIgniter\CodeIgniter->runController(Object(App\Controllers\Admin\Dosen))
 4 SYSTEMPATH\CodeIgniter.php(368): CodeIgniter\CodeIgniter->handleRequest(null, Object(Config\Cache), false)
 5 FCPATH\index.php(67): CodeIgniter\CodeIgniter->run()
 6 SYSTEMPATH\Commands\Server\rewrite.php(47): require_once('D:\\Haitsam\\PHP Projects\\Codeigniter 4\\perlombaan-fit-telkom\\public\\index.php')
INFO - 2023-05-10 18:51:15 --> Session: Class initialized using 'CodeIgniter\Session\Handlers\FileHandler' driver.
CRITICAL - 2023-05-10 18:51:15 --> Undefined property: mysqli::$fullname
in APPPATH\Controllers\Admin\Dosen.php on line 71.
 1 APPPATH\Controllers\Admin\Dosen.php(71): CodeIgniter\Debug\Exceptions->errorHandler(2, 'Undefined property: mysqli::$fullname', 'D:\\Haitsam\\PHP Projects\\Codeigniter 4\\perlombaan-fit-telkom\\app\\Controllers\\Admin\\Dosen.php', 71)
 2 SYSTEMPATH\CodeIgniter.php(934): App\Controllers\Admin\Dosen->edit('1')
 3 SYSTEMPATH\CodeIgniter.php(499): CodeIgniter\CodeIgniter->runController(Object(App\Controllers\Admin\Dosen))
 4 SYSTEMPATH\CodeIgniter.php(368): CodeIgniter\CodeIgniter->handleRequest(null, Object(Config\Cache), false)
 5 FCPATH\index.php(67): CodeIgniter\CodeIgniter->run()
 6 SYSTEMPATH\Commands\Server\rewrite.php(47): require_once('D:\\Haitsam\\PHP Projects\\Codeigniter 4\\perlombaan-fit-telkom\\public\\index.php')
INFO - 2023-05-10 18:51:28 --> Session: Class initialized using 'CodeIgniter\Session\Handlers\FileHandler' driver.
CRITICAL - 2023-05-10 18:51:28 --> Cannot use object of type mysqli as array
in APPPATH\Controllers\Admin\Dosen.php on line 71.
 1 SYSTEMPATH\CodeIgniter.php(934): App\Controllers\Admin\Dosen->edit('1')
 2 SYSTEMPATH\CodeIgniter.php(499): CodeIgniter\CodeIgniter->runController(Object(App\Controllers\Admin\Dosen))
 3 SYSTEMPATH\CodeIgniter.php(368): CodeIgniter\CodeIgniter->handleRequest(null, Object(Config\Cache), false)
 4 FCPATH\index.php(67): CodeIgniter\CodeIgniter->run()
 5 SYSTEMPATH\Commands\Server\rewrite.php(47): require_once('D:\\Haitsam\\PHP Projects\\Codeigniter 4\\perlombaan-fit-telkom\\public\\index.php')
INFO - 2023-05-10 18:51:48 --> Session: Class initialized using 'CodeIgniter\Session\Handlers\FileHandler' driver.
CRITICAL - 2023-05-10 18:51:48 --> Call to undefined method CodeIgniter\Database\MySQLi\Builder::getResultArray()
in APPPATH\Controllers\Admin\Dosen.php on line 68.
 1 SYSTEMPATH\CodeIgniter.php(934): App\Controllers\Admin\Dosen->edit('1')
 2 SYSTEMPATH\CodeIgniter.php(499): CodeIgniter\CodeIgniter->runController(Object(App\Controllers\Admin\Dosen))
 3 SYSTEMPATH\CodeIgniter.php(368): CodeIgniter\CodeIgniter->handleRequest(null, Object(Config\Cache), false)
 4 FCPATH\index.php(67): CodeIgniter\CodeIgniter->run()
 5 SYSTEMPATH\Commands\Server\rewrite.php(47): require_once('D:\\Haitsam\\PHP Projects\\Codeigniter 4\\perlombaan-fit-telkom\\public\\index.php')
INFO - 2023-05-10 18:53:33 --> Session: Class initialized using 'CodeIgniter\Session\Handlers\FileHandler' driver.
INFO - 2023-05-10 18:53:46 --> Session: Class initialized using 'CodeIgniter\Session\Handlers\FileHandler' driver.
CRITICAL - 2023-05-10 18:53:46 --> Trying to access array offset on value of type null
in APPPATH\Views\admin\dosen\edit.php on line 42.
 1 APPPATH\Views\admin\dosen\edit.php(42): CodeIgniter\Debug\Exceptions->errorHandler(2, 'Trying to access array offset on value of type null', 'D:\\Haitsam\\PHP Projects\\Codeigniter 4\\perlombaan-fit-telkom\\app\\Views\\admin\\dosen\\edit.php', 42)
 2 SYSTEMPATH\View\View.php(213): include('D:\\Haitsam\\PHP Projects\\Codeigniter 4\\perlombaan-fit-telkom\\app\\Views\\admin\\dosen\\edit.php')
 3 SYSTEMPATH\View\View.php(216): CodeIgniter\View\View->CodeIgniter\View\{closure}()
 4 SYSTEMPATH\Common.php(1184): CodeIgniter\View\View->render('admin/dosen/edit', [], true)
 5 APPPATH\Controllers\Admin\Dosen.php(75): view('admin/dosen/edit', [...])
 6 SYSTEMPATH\CodeIgniter.php(934): App\Controllers\Admin\Dosen->edit('1')
 7 SYSTEMPATH\CodeIgniter.php(499): CodeIgniter\CodeIgniter->runController(Object(App\Controllers\Admin\Dosen))
 8 SYSTEMPATH\CodeIgniter.php(368): CodeIgniter\CodeIgniter->handleRequest(null, Object(Config\Cache), false)
 9 FCPATH\index.php(67): CodeIgniter\CodeIgniter->run()
10 SYSTEMPATH\Commands\Server\rewrite.php(47): require_once('D:\\Haitsam\\PHP Projects\\Codeigniter 4\\perlombaan-fit-telkom\\public\\index.php')
INFO - 2023-05-10 18:54:14 --> Session: Class initialized using 'CodeIgniter\Session\Handlers\FileHandler' driver.
CRITICAL - 2023-05-10 18:54:14 --> Trying to access array offset on value of type null
in APPPATH\Views\admin\dosen\edit.php on line 42.
 1 APPPATH\Views\admin\dosen\edit.php(42): CodeIgniter\Debug\Exceptions->errorHandler(2, 'Trying to access array offset on value of type null', 'D:\\Haitsam\\PHP Projects\\Codeigniter 4\\perlombaan-fit-telkom\\app\\Views\\admin\\dosen\\edit.php', 42)
 2 SYSTEMPATH\View\View.php(213): include('D:\\Haitsam\\PHP Projects\\Codeigniter 4\\perlombaan-fit-telkom\\app\\Views\\admin\\dosen\\edit.php')
 3 SYSTEMPATH\View\View.php(216): CodeIgniter\View\View->CodeIgniter\View\{closure}()
 4 SYSTEMPATH\Common.php(1184): CodeIgniter\View\View->render('admin/dosen/edit', [], true)
 5 APPPATH\Controllers\Admin\Dosen.php(75): view('admin/dosen/edit', [...])
 6 SYSTEMPATH\CodeIgniter.php(934): App\Controllers\Admin\Dosen->edit('1')
 7 SYSTEMPATH\CodeIgniter.php(499): CodeIgniter\CodeIgniter->runController(Object(App\Controllers\Admin\Dosen))
 8 SYSTEMPATH\CodeIgniter.php(368): CodeIgniter\CodeIgniter->handleRequest(null, Object(Config\Cache), false)
 9 FCPATH\index.php(67): CodeIgniter\CodeIgniter->run()
10 SYSTEMPATH\Commands\Server\rewrite.php(47): require_once('D:\\Haitsam\\PHP Projects\\Codeigniter 4\\perlombaan-fit-telkom\\public\\index.php')
INFO - 2023-05-10 18:54:45 --> Session: Class initialized using 'CodeIgniter\Session\Handlers\FileHandler' driver.
INFO - 2023-05-10 18:55:03 --> Session: Class initialized using 'CodeIgniter\Session\Handlers\FileHandler' driver.
INFO - 2023-05-10 18:55:12 --> Session: Class initialized using 'CodeIgniter\Session\Handlers\FileHandler' driver.
INFO - 2023-05-10 18:55:44 --> Session: Class initialized using 'CodeIgniter\Session\Handlers\FileHandler' driver.
CRITICAL - 2023-05-10 18:55:44 --> Trying to access array offset on value of type null
in APPPATH\Views\admin\dosen\edit.php on line 42.
 1 APPPATH\Views\admin\dosen\edit.php(42): CodeIgniter\Debug\Exceptions->errorHandler(2, 'Trying to access array offset on value of type null', 'D:\\Haitsam\\PHP Projects\\Codeigniter 4\\perlombaan-fit-telkom\\app\\Views\\admin\\dosen\\edit.php', 42)
 2 SYSTEMPATH\View\View.php(213): include('D:\\Haitsam\\PHP Projects\\Codeigniter 4\\perlombaan-fit-telkom\\app\\Views\\admin\\dosen\\edit.php')
 3 SYSTEMPATH\View\View.php(216): CodeIgniter\View\View->CodeIgniter\View\{closure}()
 4 SYSTEMPATH\Common.php(1184): CodeIgniter\View\View->render('admin/dosen/edit', [], true)
 5 APPPATH\Controllers\Admin\Dosen.php(75): view('admin/dosen/edit', [...])
 6 SYSTEMPATH\CodeIgniter.php(934): App\Controllers\Admin\Dosen->edit('1')
 7 SYSTEMPATH\CodeIgniter.php(499): CodeIgniter\CodeIgniter->runController(Object(App\Controllers\Admin\Dosen))
 8 SYSTEMPATH\CodeIgniter.php(368): CodeIgniter\CodeIgniter->handleRequest(null, Object(Config\Cache), false)
 9 FCPATH\index.php(67): CodeIgniter\CodeIgniter->run()
10 SYSTEMPATH\Commands\Server\rewrite.php(47): require_once('D:\\Haitsam\\PHP Projects\\Codeigniter 4\\perlombaan-fit-telkom\\public\\index.php')
INFO - 2023-05-10 18:57:41 --> Session: Class initialized using 'CodeIgniter\Session\Handlers\FileHandler' driver.
INFO - 2023-05-10 19:03:26 --> Session: Class initialized using 'CodeIgniter\Session\Handlers\FileHandler' driver.
INFO - 2023-05-10 19:06:42 --> Session: Class initialized using 'CodeIgniter\Session\Handlers\FileHandler' driver.
INFO - 2023-05-10 19:07:52 --> Session: Class initialized using 'CodeIgniter\Session\Handlers\FileHandler' driver.
INFO - 2023-05-10 19:09:10 --> Session: Class initialized using 'CodeIgniter\Session\Handlers\FileHandler' driver.
INFO - 2023-05-10 19:09:30 --> Session: Class initialized using 'CodeIgniter\Session\Handlers\FileHandler' driver.
INFO - 2023-05-10 19:10:21 --> Session: Class initialized using 'CodeIgniter\Session\Handlers\FileHandler' driver.
INFO - 2023-05-10 19:10:53 --> Session: Class initialized using 'CodeIgniter\Session\Handlers\FileHandler' driver.
INFO - 2023-05-10 19:10:55 --> Session: Class initialized using 'CodeIgniter\Session\Handlers\FileHandler' driver.
INFO - 2023-05-10 19:11:09 --> Session: Class initialized using 'CodeIgniter\Session\Handlers\FileHandler' driver.
INFO - 2023-05-10 19:11:20 --> Session: Class initialized using 'CodeIgniter\Session\Handlers\FileHandler' driver.
INFO - 2023-05-10 19:11:31 --> Session: Class initialized using 'CodeIgniter\Session\Handlers\FileHandler' driver.
INFO - 2023-05-10 19:14:24 --> Session: Class initialized using 'CodeIgniter\Session\Handlers\FileHandler' driver.
INFO - 2023-05-10 19:14:32 --> Session: Class initialized using 'CodeIgniter\Session\Handlers\FileHandler' driver.
