INFO - 2023-05-26 03:43:44 --> Session: Class initialized using 'CodeIgniter\Session\Handlers\FileHandler' driver.
INFO - 2023-05-26 03:43:53 --> Session: Class initialized using 'CodeIgniter\Session\Handlers\FileHandler' driver.
ERROR - 2023-05-26 03:43:57 --> Error connecting to the database: mysqli_sql_exception: No connection could be made because the target machine actively refused it in D:\Kuliah\Tugas Akhir\WEB 2\original\perlombaan-fit-telkom\vendor\codeigniter4\framework\system\Database\MySQLi\Connection.php:174
Stack trace:
#0 D:\Kuliah\Tugas Akhir\WEB 2\original\perlombaan-fit-telkom\vendor\codeigniter4\framework\system\Database\MySQLi\Connection.php(174): mysqli->real_connect('localhost', 'root', '', 'proyekakhir_db', 3306, '', 0)
#1 D:\Kuliah\Tugas Akhir\WEB 2\original\perlombaan-fit-telkom\vendor\codeigniter4\framework\system\Database\BaseConnection.php(391): CodeIgniter\Database\MySQLi\Connection->connect(false)
#2 D:\Kuliah\Tugas Akhir\WEB 2\original\perlombaan-fit-telkom\vendor\codeigniter4\framework\system\Database\BaseConnection.php(574): CodeIgniter\Database\BaseConnection->initialize()
#3 D:\Kuliah\Tugas Akhir\WEB 2\original\perlombaan-fit-telkom\vendor\codeigniter4\framework\system\Database\BaseBuilder.php(1616): CodeIgniter\Database\BaseConnection->query('SELECT `lomba`....', Array, false)
#4 D:\Kuliah\Tugas Akhir\WEB 2\original\perlombaan-fit-telkom\vendor\codeigniter4\framework\system\Model.php(241): CodeIgniter\Database\BaseBuilder->get()
#5 D:\Kuliah\Tugas Akhir\WEB 2\original\perlombaan-fit-telkom\vendor\codeigniter4\framework\system\BaseModel.php(618): CodeIgniter\Model->doFindAll(0, 0)
#6 D:\Kuliah\Tugas Akhir\WEB 2\original\perlombaan-fit-telkom\app\Controllers\Home.php(16): CodeIgniter\BaseModel->findAll()
#7 D:\Kuliah\Tugas Akhir\WEB 2\original\perlombaan-fit-telkom\vendor\codeigniter4\framework\system\CodeIgniter.php(934): App\Controllers\Home->perlombaan()
#8 D:\Kuliah\Tugas Akhir\WEB 2\original\perlombaan-fit-telkom\vendor\codeigniter4\framework\system\CodeIgniter.php(499): CodeIgniter\CodeIgniter->runController(Object(App\Controllers\Home))
#9 D:\Kuliah\Tugas Akhir\WEB 2\original\perlombaan-fit-telkom\vendor\codeigniter4\framework\system\CodeIgniter.php(368): CodeIgniter\CodeIgniter->handleRequest(NULL, Object(Config\Cache), false)
#10 D:\Kuliah\Tugas Akhir\WEB 2\original\perlombaan-fit-telkom\public\index.php(67): CodeIgniter\CodeIgniter->run()
#11 D:\Kuliah\Tugas Akhir\WEB 2\original\perlombaan-fit-telkom\vendor\codeigniter4\framework\system\Commands\Server\rewrite.php(47): require_once('D:\\Kuliah\\Tugas...')
#12 {main}

Next CodeIgniter\Database\Exceptions\DatabaseException: No connection could be made because the target machine actively refused it in D:\Kuliah\Tugas Akhir\WEB 2\original\perlombaan-fit-telkom\vendor\codeigniter4\framework\system\Database\MySQLi\Connection.php:218
Stack trace:
#0 D:\Kuliah\Tugas Akhir\WEB 2\original\perlombaan-fit-telkom\vendor\codeigniter4\framework\system\Database\BaseConnection.php(391): CodeIgniter\Database\MySQLi\Connection->connect(false)
#1 D:\Kuliah\Tugas Akhir\WEB 2\original\perlombaan-fit-telkom\vendor\codeigniter4\framework\system\Database\BaseConnection.php(574): CodeIgniter\Database\BaseConnection->initialize()
#2 D:\Kuliah\Tugas Akhir\WEB 2\original\perlombaan-fit-telkom\vendor\codeigniter4\framework\system\Database\BaseBuilder.php(1616): CodeIgniter\Database\BaseConnection->query('SELECT `lomba`....', Array, false)
#3 D:\Kuliah\Tugas Akhir\WEB 2\original\perlombaan-fit-telkom\vendor\codeigniter4\framework\system\Model.php(241): CodeIgniter\Database\BaseBuilder->get()
#4 D:\Kuliah\Tugas Akhir\WEB 2\original\perlombaan-fit-telkom\vendor\codeigniter4\framework\system\BaseModel.php(618): CodeIgniter\Model->doFindAll(0, 0)
#5 D:\Kuliah\Tugas Akhir\WEB 2\original\perlombaan-fit-telkom\app\Controllers\Home.php(16): CodeIgniter\BaseModel->findAll()
#6 D:\Kuliah\Tugas Akhir\WEB 2\original\perlombaan-fit-telkom\vendor\codeigniter4\framework\system\CodeIgniter.php(934): App\Controllers\Home->perlombaan()
#7 D:\Kuliah\Tugas Akhir\WEB 2\original\perlombaan-fit-telkom\vendor\codeigniter4\framework\system\CodeIgniter.php(499): CodeIgniter\CodeIgniter->runController(Object(App\Controllers\Home))
#8 D:\Kuliah\Tugas Akhir\WEB 2\original\perlombaan-fit-telkom\vendor\codeigniter4\framework\system\CodeIgniter.php(368): CodeIgniter\CodeIgniter->handleRequest(NULL, Object(Config\Cache), false)
#9 D:\Kuliah\Tugas Akhir\WEB 2\original\perlombaan-fit-telkom\public\index.php(67): CodeIgniter\CodeIgniter->run()
#10 D:\Kuliah\Tugas Akhir\WEB 2\original\perlombaan-fit-telkom\vendor\codeigniter4\framework\system\Commands\Server\rewrite.php(47): require_once('D:\\Kuliah\\Tugas...')
#11 {main}
CRITICAL - 2023-05-26 03:43:57 --> Unable to connect to the database.
Main connection [MySQLi]: No connection could be made because the target machine actively refused it
in SYSTEMPATH\Database\BaseConnection.php on line 427.
 1 SYSTEMPATH\Database\BaseConnection.php(574): CodeIgniter\Database\BaseConnection->initialize()
 2 SYSTEMPATH\Database\BaseBuilder.php(1616): CodeIgniter\Database\BaseConnection->query('SELECT `lomba`.*, `kategori_indo`
FROM `lomba`
JOIN `kategori_lomba` ON `kategori_lomba`.`id`=`lomba`.`kategori_lomba_id`', [], false)
 3 SYSTEMPATH\Model.php(241): CodeIgniter\Database\BaseBuilder->get()
 4 SYSTEMPATH\BaseModel.php(618): CodeIgniter\Model->doFindAll(0, 0)
 5 APPPATH\Controllers\Home.php(16): CodeIgniter\BaseModel->findAll()
 6 SYSTEMPATH\CodeIgniter.php(934): App\Controllers\Home->perlombaan()
 7 SYSTEMPATH\CodeIgniter.php(499): CodeIgniter\CodeIgniter->runController(Object(App\Controllers\Home))
 8 SYSTEMPATH\CodeIgniter.php(368): CodeIgniter\CodeIgniter->handleRequest(null, Object(Config\Cache), false)
 9 FCPATH\index.php(67): CodeIgniter\CodeIgniter->run()
10 SYSTEMPATH\Commands\Server\rewrite.php(47): require_once('D:\\Kuliah\\Tugas Akhir\\WEB 2\\original\\perlombaan-fit-telkom\\public\\index.php')
INFO - 2023-05-26 03:44:00 --> Session: Class initialized using 'CodeIgniter\Session\Handlers\FileHandler' driver.
INFO - 2023-05-26 03:44:02 --> Session: Class initialized using 'CodeIgniter\Session\Handlers\FileHandler' driver.
INFO - 2023-05-26 03:44:10 --> Session: Class initialized using 'CodeIgniter\Session\Handlers\FileHandler' driver.
ERROR - 2023-05-26 03:44:14 --> Error connecting to the database: mysqli_sql_exception: No connection could be made because the target machine actively refused it in D:\Kuliah\Tugas Akhir\WEB 2\original\perlombaan-fit-telkom\vendor\codeigniter4\framework\system\Database\MySQLi\Connection.php:174
Stack trace:
#0 D:\Kuliah\Tugas Akhir\WEB 2\original\perlombaan-fit-telkom\vendor\codeigniter4\framework\system\Database\MySQLi\Connection.php(174): mysqli->real_connect('localhost', 'root', '', 'proyekakhir_db', 3306, '', 0)
#1 D:\Kuliah\Tugas Akhir\WEB 2\original\perlombaan-fit-telkom\vendor\codeigniter4\framework\system\Database\BaseConnection.php(391): CodeIgniter\Database\MySQLi\Connection->connect(false)
#2 D:\Kuliah\Tugas Akhir\WEB 2\original\perlombaan-fit-telkom\vendor\codeigniter4\framework\system\Database\BaseConnection.php(574): CodeIgniter\Database\BaseConnection->initialize()
#3 D:\Kuliah\Tugas Akhir\WEB 2\original\perlombaan-fit-telkom\vendor\codeigniter4\framework\system\Database\BaseBuilder.php(1616): CodeIgniter\Database\BaseConnection->query('SELECT *\nFROM `...', Array, false)
#4 D:\Kuliah\Tugas Akhir\WEB 2\original\perlombaan-fit-telkom\vendor\codeigniter4\framework\system\Model.php(268): CodeIgniter\Database\BaseBuilder->get()
#5 D:\Kuliah\Tugas Akhir\WEB 2\original\perlombaan-fit-telkom\vendor\codeigniter4\framework\system\BaseModel.php(656): CodeIgniter\Model->doFirst()
#6 D:\Kuliah\Tugas Akhir\WEB 2\original\perlombaan-fit-telkom\vendor\myth\auth\src\Authentication\LocalAuthenticator.php(140): CodeIgniter\BaseModel->first()
#7 D:\Kuliah\Tugas Akhir\WEB 2\original\perlombaan-fit-telkom\vendor\myth\auth\src\Authentication\LocalAuthenticator.php(19): Myth\Auth\Authentication\LocalAuthenticator->validate(Array, true)
#8 D:\Kuliah\Tugas Akhir\WEB 2\original\perlombaan-fit-telkom\vendor\myth\auth\src\Controllers\AuthController.php(127): Myth\Auth\Authentication\LocalAuthenticator->attempt(Array, false)
#9 D:\Kuliah\Tugas Akhir\WEB 2\original\perlombaan-fit-telkom\vendor\codeigniter4\framework\system\CodeIgniter.php(934): Myth\Auth\Controllers\AuthController->attemptLogin()
#10 D:\Kuliah\Tugas Akhir\WEB 2\original\perlombaan-fit-telkom\vendor\codeigniter4\framework\system\CodeIgniter.php(499): CodeIgniter\CodeIgniter->runController(Object(Myth\Auth\Controllers\AuthController))
#11 D:\Kuliah\Tugas Akhir\WEB 2\original\perlombaan-fit-telkom\vendor\codeigniter4\framework\system\CodeIgniter.php(368): CodeIgniter\CodeIgniter->handleRequest(NULL, Object(Config\Cache), false)
#12 D:\Kuliah\Tugas Akhir\WEB 2\original\perlombaan-fit-telkom\public\index.php(67): CodeIgniter\CodeIgniter->run()
#13 D:\Kuliah\Tugas Akhir\WEB 2\original\perlombaan-fit-telkom\vendor\codeigniter4\framework\system\Commands\Server\rewrite.php(47): require_once('D:\\Kuliah\\Tugas...')
#14 {main}

Next CodeIgniter\Database\Exceptions\DatabaseException: No connection could be made because the target machine actively refused it in D:\Kuliah\Tugas Akhir\WEB 2\original\perlombaan-fit-telkom\vendor\codeigniter4\framework\system\Database\MySQLi\Connection.php:218
Stack trace:
#0 D:\Kuliah\Tugas Akhir\WEB 2\original\perlombaan-fit-telkom\vendor\codeigniter4\framework\system\Database\BaseConnection.php(391): CodeIgniter\Database\MySQLi\Connection->connect(false)
#1 D:\Kuliah\Tugas Akhir\WEB 2\original\perlombaan-fit-telkom\vendor\codeigniter4\framework\system\Database\BaseConnection.php(574): CodeIgniter\Database\BaseConnection->initialize()
#2 D:\Kuliah\Tugas Akhir\WEB 2\original\perlombaan-fit-telkom\vendor\codeigniter4\framework\system\Database\BaseBuilder.php(1616): CodeIgniter\Database\BaseConnection->query('SELECT *\nFROM `...', Array, false)
#3 D:\Kuliah\Tugas Akhir\WEB 2\original\perlombaan-fit-telkom\vendor\codeigniter4\framework\system\Model.php(268): CodeIgniter\Database\BaseBuilder->get()
#4 D:\Kuliah\Tugas Akhir\WEB 2\original\perlombaan-fit-telkom\vendor\codeigniter4\framework\system\BaseModel.php(656): CodeIgniter\Model->doFirst()
#5 D:\Kuliah\Tugas Akhir\WEB 2\original\perlombaan-fit-telkom\vendor\myth\auth\src\Authentication\LocalAuthenticator.php(140): CodeIgniter\BaseModel->first()
#6 D:\Kuliah\Tugas Akhir\WEB 2\original\perlombaan-fit-telkom\vendor\myth\auth\src\Authentication\LocalAuthenticator.php(19): Myth\Auth\Authentication\LocalAuthenticator->validate(Array, true)
#7 D:\Kuliah\Tugas Akhir\WEB 2\original\perlombaan-fit-telkom\vendor\myth\auth\src\Controllers\AuthController.php(127): Myth\Auth\Authentication\LocalAuthenticator->attempt(Array, false)
#8 D:\Kuliah\Tugas Akhir\WEB 2\original\perlombaan-fit-telkom\vendor\codeigniter4\framework\system\CodeIgniter.php(934): Myth\Auth\Controllers\AuthController->attemptLogin()
#9 D:\Kuliah\Tugas Akhir\WEB 2\original\perlombaan-fit-telkom\vendor\codeigniter4\framework\system\CodeIgniter.php(499): CodeIgniter\CodeIgniter->runController(Object(Myth\Auth\Controllers\AuthController))
#10 D:\Kuliah\Tugas Akhir\WEB 2\original\perlombaan-fit-telkom\vendor\codeigniter4\framework\system\CodeIgniter.php(368): CodeIgniter\CodeIgniter->handleRequest(NULL, Object(Config\Cache), false)
#11 D:\Kuliah\Tugas Akhir\WEB 2\original\perlombaan-fit-telkom\public\index.php(67): CodeIgniter\CodeIgniter->run()
#12 D:\Kuliah\Tugas Akhir\WEB 2\original\perlombaan-fit-telkom\vendor\codeigniter4\framework\system\Commands\Server\rewrite.php(47): require_once('D:\\Kuliah\\Tugas...')
#13 {main}
CRITICAL - 2023-05-26 03:44:14 --> Unable to connect to the database.
Main connection [MySQLi]: No connection could be made because the target machine actively refused it
in SYSTEMPATH\Database\BaseConnection.php on line 427.
 1 SYSTEMPATH\Database\BaseConnection.php(574): CodeIgniter\Database\BaseConnection->initialize()
 2 SYSTEMPATH\Database\BaseBuilder.php(1616): CodeIgniter\Database\BaseConnection->query('SELECT *
FROM `users`
WHERE `username` = :username:
AND `users`.`deleted_at` IS NULL
 LIMIT 1', [...], false)
 3 SYSTEMPATH\Model.php(268): CodeIgniter\Database\BaseBuilder->get()
 4 SYSTEMPATH\BaseModel.php(656): CodeIgniter\Model->doFirst()
 5 VENDORPATH\myth\auth\src\Authentication\LocalAuthenticator.php(140): CodeIgniter\BaseModel->first()
 6 VENDORPATH\myth\auth\src\Authentication\LocalAuthenticator.php(19): Myth\Auth\Authentication\LocalAuthenticator->validate([...], true)
 7 VENDORPATH\myth\auth\src\Controllers\AuthController.php(127): Myth\Auth\Authentication\LocalAuthenticator->attempt([...], false)
 8 SYSTEMPATH\CodeIgniter.php(934): Myth\Auth\Controllers\AuthController->attemptLogin()
 9 SYSTEMPATH\CodeIgniter.php(499): CodeIgniter\CodeIgniter->runController(Object(Myth\Auth\Controllers\AuthController))
10 SYSTEMPATH\CodeIgniter.php(368): CodeIgniter\CodeIgniter->handleRequest(null, Object(Config\Cache), false)
11 FCPATH\index.php(67): CodeIgniter\CodeIgniter->run()
12 SYSTEMPATH\Commands\Server\rewrite.php(47): require_once('D:\\Kuliah\\Tugas Akhir\\WEB 2\\original\\perlombaan-fit-telkom\\public\\index.php')
INFO - 2023-05-26 03:44:50 --> Session: Class initialized using 'CodeIgniter\Session\Handlers\FileHandler' driver.
INFO - 2023-05-26 03:44:53 --> Session: Class initialized using 'CodeIgniter\Session\Handlers\FileHandler' driver.
INFO - 2023-05-26 03:45:14 --> Session: Class initialized using 'CodeIgniter\Session\Handlers\FileHandler' driver.
INFO - 2023-05-26 03:45:26 --> Session: Class initialized using 'CodeIgniter\Session\Handlers\FileHandler' driver.
ERROR - 2023-05-26 03:45:30 --> Error connecting to the database: mysqli_sql_exception: No connection could be made because the target machine actively refused it in D:\Kuliah\Tugas Akhir\WEB 2\original\perlombaan-fit-telkom\vendor\codeigniter4\framework\system\Database\MySQLi\Connection.php:174
Stack trace:
#0 D:\Kuliah\Tugas Akhir\WEB 2\original\perlombaan-fit-telkom\vendor\codeigniter4\framework\system\Database\MySQLi\Connection.php(174): mysqli->real_connect('localhost', 'root', '', 'proyekakhir_db', 3306, '', 0)
#1 D:\Kuliah\Tugas Akhir\WEB 2\original\perlombaan-fit-telkom\vendor\codeigniter4\framework\system\Database\BaseConnection.php(391): CodeIgniter\Database\MySQLi\Connection->connect(false)
#2 D:\Kuliah\Tugas Akhir\WEB 2\original\perlombaan-fit-telkom\vendor\codeigniter4\framework\system\Database\BaseConnection.php(574): CodeIgniter\Database\BaseConnection->initialize()
#3 D:\Kuliah\Tugas Akhir\WEB 2\original\perlombaan-fit-telkom\vendor\codeigniter4\framework\system\Database\BaseBuilder.php(1616): CodeIgniter\Database\BaseConnection->query('SELECT *\nFROM `...', Array, false)
#4 D:\Kuliah\Tugas Akhir\WEB 2\original\perlombaan-fit-telkom\vendor\codeigniter4\framework\system\Model.php(268): CodeIgniter\Database\BaseBuilder->get()
#5 D:\Kuliah\Tugas Akhir\WEB 2\original\perlombaan-fit-telkom\vendor\codeigniter4\framework\system\BaseModel.php(656): CodeIgniter\Model->doFirst()
#6 D:\Kuliah\Tugas Akhir\WEB 2\original\perlombaan-fit-telkom\vendor\myth\auth\src\Authentication\LocalAuthenticator.php(140): CodeIgniter\BaseModel->first()
#7 D:\Kuliah\Tugas Akhir\WEB 2\original\perlombaan-fit-telkom\vendor\myth\auth\src\Authentication\LocalAuthenticator.php(19): Myth\Auth\Authentication\LocalAuthenticator->validate(Array, true)
#8 D:\Kuliah\Tugas Akhir\WEB 2\original\perlombaan-fit-telkom\vendor\myth\auth\src\Controllers\AuthController.php(127): Myth\Auth\Authentication\LocalAuthenticator->attempt(Array, false)
#9 D:\Kuliah\Tugas Akhir\WEB 2\original\perlombaan-fit-telkom\vendor\codeigniter4\framework\system\CodeIgniter.php(934): Myth\Auth\Controllers\AuthController->attemptLogin()
#10 D:\Kuliah\Tugas Akhir\WEB 2\original\perlombaan-fit-telkom\vendor\codeigniter4\framework\system\CodeIgniter.php(499): CodeIgniter\CodeIgniter->runController(Object(Myth\Auth\Controllers\AuthController))
#11 D:\Kuliah\Tugas Akhir\WEB 2\original\perlombaan-fit-telkom\vendor\codeigniter4\framework\system\CodeIgniter.php(368): CodeIgniter\CodeIgniter->handleRequest(NULL, Object(Config\Cache), false)
#12 D:\Kuliah\Tugas Akhir\WEB 2\original\perlombaan-fit-telkom\public\index.php(67): CodeIgniter\CodeIgniter->run()
#13 D:\Kuliah\Tugas Akhir\WEB 2\original\perlombaan-fit-telkom\vendor\codeigniter4\framework\system\Commands\Server\rewrite.php(47): require_once('D:\\Kuliah\\Tugas...')
#14 {main}

Next CodeIgniter\Database\Exceptions\DatabaseException: No connection could be made because the target machine actively refused it in D:\Kuliah\Tugas Akhir\WEB 2\original\perlombaan-fit-telkom\vendor\codeigniter4\framework\system\Database\MySQLi\Connection.php:218
Stack trace:
#0 D:\Kuliah\Tugas Akhir\WEB 2\original\perlombaan-fit-telkom\vendor\codeigniter4\framework\system\Database\BaseConnection.php(391): CodeIgniter\Database\MySQLi\Connection->connect(false)
#1 D:\Kuliah\Tugas Akhir\WEB 2\original\perlombaan-fit-telkom\vendor\codeigniter4\framework\system\Database\BaseConnection.php(574): CodeIgniter\Database\BaseConnection->initialize()
#2 D:\Kuliah\Tugas Akhir\WEB 2\original\perlombaan-fit-telkom\vendor\codeigniter4\framework\system\Database\BaseBuilder.php(1616): CodeIgniter\Database\BaseConnection->query('SELECT *\nFROM `...', Array, false)
#3 D:\Kuliah\Tugas Akhir\WEB 2\original\perlombaan-fit-telkom\vendor\codeigniter4\framework\system\Model.php(268): CodeIgniter\Database\BaseBuilder->get()
#4 D:\Kuliah\Tugas Akhir\WEB 2\original\perlombaan-fit-telkom\vendor\codeigniter4\framework\system\BaseModel.php(656): CodeIgniter\Model->doFirst()
#5 D:\Kuliah\Tugas Akhir\WEB 2\original\perlombaan-fit-telkom\vendor\myth\auth\src\Authentication\LocalAuthenticator.php(140): CodeIgniter\BaseModel->first()
#6 D:\Kuliah\Tugas Akhir\WEB 2\original\perlombaan-fit-telkom\vendor\myth\auth\src\Authentication\LocalAuthenticator.php(19): Myth\Auth\Authentication\LocalAuthenticator->validate(Array, true)
#7 D:\Kuliah\Tugas Akhir\WEB 2\original\perlombaan-fit-telkom\vendor\myth\auth\src\Controllers\AuthController.php(127): Myth\Auth\Authentication\LocalAuthenticator->attempt(Array, false)
#8 D:\Kuliah\Tugas Akhir\WEB 2\original\perlombaan-fit-telkom\vendor\codeigniter4\framework\system\CodeIgniter.php(934): Myth\Auth\Controllers\AuthController->attemptLogin()
#9 D:\Kuliah\Tugas Akhir\WEB 2\original\perlombaan-fit-telkom\vendor\codeigniter4\framework\system\CodeIgniter.php(499): CodeIgniter\CodeIgniter->runController(Object(Myth\Auth\Controllers\AuthController))
#10 D:\Kuliah\Tugas Akhir\WEB 2\original\perlombaan-fit-telkom\vendor\codeigniter4\framework\system\CodeIgniter.php(368): CodeIgniter\CodeIgniter->handleRequest(NULL, Object(Config\Cache), false)
#11 D:\Kuliah\Tugas Akhir\WEB 2\original\perlombaan-fit-telkom\public\index.php(67): CodeIgniter\CodeIgniter->run()
#12 D:\Kuliah\Tugas Akhir\WEB 2\original\perlombaan-fit-telkom\vendor\codeigniter4\framework\system\Commands\Server\rewrite.php(47): require_once('D:\\Kuliah\\Tugas...')
#13 {main}
CRITICAL - 2023-05-26 03:45:30 --> Unable to connect to the database.
Main connection [MySQLi]: No connection could be made because the target machine actively refused it
in SYSTEMPATH\Database\BaseConnection.php on line 427.
 1 SYSTEMPATH\Database\BaseConnection.php(574): CodeIgniter\Database\BaseConnection->initialize()
 2 SYSTEMPATH\Database\BaseBuilder.php(1616): CodeIgniter\Database\BaseConnection->query('SELECT *
FROM `users`
WHERE `username` = :username:
AND `users`.`deleted_at` IS NULL
 LIMIT 1', [...], false)
 3 SYSTEMPATH\Model.php(268): CodeIgniter\Database\BaseBuilder->get()
 4 SYSTEMPATH\BaseModel.php(656): CodeIgniter\Model->doFirst()
 5 VENDORPATH\myth\auth\src\Authentication\LocalAuthenticator.php(140): CodeIgniter\BaseModel->first()
 6 VENDORPATH\myth\auth\src\Authentication\LocalAuthenticator.php(19): Myth\Auth\Authentication\LocalAuthenticator->validate([...], true)
 7 VENDORPATH\myth\auth\src\Controllers\AuthController.php(127): Myth\Auth\Authentication\LocalAuthenticator->attempt([...], false)
 8 SYSTEMPATH\CodeIgniter.php(934): Myth\Auth\Controllers\AuthController->attemptLogin()
 9 SYSTEMPATH\CodeIgniter.php(499): CodeIgniter\CodeIgniter->runController(Object(Myth\Auth\Controllers\AuthController))
10 SYSTEMPATH\CodeIgniter.php(368): CodeIgniter\CodeIgniter->handleRequest(null, Object(Config\Cache), false)
11 FCPATH\index.php(67): CodeIgniter\CodeIgniter->run()
12 SYSTEMPATH\Commands\Server\rewrite.php(47): require_once('D:\\Kuliah\\Tugas Akhir\\WEB 2\\original\\perlombaan-fit-telkom\\public\\index.php')
INFO - 2023-05-26 03:45:36 --> Session: Class initialized using 'CodeIgniter\Session\Handlers\FileHandler' driver.
INFO - 2023-05-26 04:00:53 --> Session: Class initialized using 'CodeIgniter\Session\Handlers\FileHandler' driver.
ERROR - 2023-05-26 04:00:57 --> Error connecting to the database: mysqli_sql_exception: No connection could be made because the target machine actively refused it in D:\Kuliah\Tugas Akhir\WEB 2\original\perlombaan-fit-telkom\vendor\codeigniter4\framework\system\Database\MySQLi\Connection.php:174
Stack trace:
#0 D:\Kuliah\Tugas Akhir\WEB 2\original\perlombaan-fit-telkom\vendor\codeigniter4\framework\system\Database\MySQLi\Connection.php(174): mysqli->real_connect('localhost', 'root', '', 'proyekakhir_db', 3306, '', 0)
#1 D:\Kuliah\Tugas Akhir\WEB 2\original\perlombaan-fit-telkom\vendor\codeigniter4\framework\system\Database\BaseConnection.php(391): CodeIgniter\Database\MySQLi\Connection->connect(false)
#2 D:\Kuliah\Tugas Akhir\WEB 2\original\perlombaan-fit-telkom\vendor\codeigniter4\framework\system\Database\BaseConnection.php(574): CodeIgniter\Database\BaseConnection->initialize()
#3 D:\Kuliah\Tugas Akhir\WEB 2\original\perlombaan-fit-telkom\vendor\codeigniter4\framework\system\Database\BaseBuilder.php(1616): CodeIgniter\Database\BaseConnection->query('SELECT `lomba`....', Array, false)
#4 D:\Kuliah\Tugas Akhir\WEB 2\original\perlombaan-fit-telkom\vendor\codeigniter4\framework\system\Model.php(241): CodeIgniter\Database\BaseBuilder->get()
#5 D:\Kuliah\Tugas Akhir\WEB 2\original\perlombaan-fit-telkom\vendor\codeigniter4\framework\system\BaseModel.php(618): CodeIgniter\Model->doFindAll(0, 0)
#6 D:\Kuliah\Tugas Akhir\WEB 2\original\perlombaan-fit-telkom\app\Controllers\Home.php(16): CodeIgniter\BaseModel->findAll()
#7 D:\Kuliah\Tugas Akhir\WEB 2\original\perlombaan-fit-telkom\vendor\codeigniter4\framework\system\CodeIgniter.php(934): App\Controllers\Home->perlombaan()
#8 D:\Kuliah\Tugas Akhir\WEB 2\original\perlombaan-fit-telkom\vendor\codeigniter4\framework\system\CodeIgniter.php(499): CodeIgniter\CodeIgniter->runController(Object(App\Controllers\Home))
#9 D:\Kuliah\Tugas Akhir\WEB 2\original\perlombaan-fit-telkom\vendor\codeigniter4\framework\system\CodeIgniter.php(368): CodeIgniter\CodeIgniter->handleRequest(NULL, Object(Config\Cache), false)
#10 D:\Kuliah\Tugas Akhir\WEB 2\original\perlombaan-fit-telkom\public\index.php(67): CodeIgniter\CodeIgniter->run()
#11 D:\Kuliah\Tugas Akhir\WEB 2\original\perlombaan-fit-telkom\vendor\codeigniter4\framework\system\Commands\Server\rewrite.php(47): require_once('D:\\Kuliah\\Tugas...')
#12 {main}

Next CodeIgniter\Database\Exceptions\DatabaseException: No connection could be made because the target machine actively refused it in D:\Kuliah\Tugas Akhir\WEB 2\original\perlombaan-fit-telkom\vendor\codeigniter4\framework\system\Database\MySQLi\Connection.php:218
Stack trace:
#0 D:\Kuliah\Tugas Akhir\WEB 2\original\perlombaan-fit-telkom\vendor\codeigniter4\framework\system\Database\BaseConnection.php(391): CodeIgniter\Database\MySQLi\Connection->connect(false)
#1 D:\Kuliah\Tugas Akhir\WEB 2\original\perlombaan-fit-telkom\vendor\codeigniter4\framework\system\Database\BaseConnection.php(574): CodeIgniter\Database\BaseConnection->initialize()
#2 D:\Kuliah\Tugas Akhir\WEB 2\original\perlombaan-fit-telkom\vendor\codeigniter4\framework\system\Database\BaseBuilder.php(1616): CodeIgniter\Database\BaseConnection->query('SELECT `lomba`....', Array, false)
#3 D:\Kuliah\Tugas Akhir\WEB 2\original\perlombaan-fit-telkom\vendor\codeigniter4\framework\system\Model.php(241): CodeIgniter\Database\BaseBuilder->get()
#4 D:\Kuliah\Tugas Akhir\WEB 2\original\perlombaan-fit-telkom\vendor\codeigniter4\framework\system\BaseModel.php(618): CodeIgniter\Model->doFindAll(0, 0)
#5 D:\Kuliah\Tugas Akhir\WEB 2\original\perlombaan-fit-telkom\app\Controllers\Home.php(16): CodeIgniter\BaseModel->findAll()
#6 D:\Kuliah\Tugas Akhir\WEB 2\original\perlombaan-fit-telkom\vendor\codeigniter4\framework\system\CodeIgniter.php(934): App\Controllers\Home->perlombaan()
#7 D:\Kuliah\Tugas Akhir\WEB 2\original\perlombaan-fit-telkom\vendor\codeigniter4\framework\system\CodeIgniter.php(499): CodeIgniter\CodeIgniter->runController(Object(App\Controllers\Home))
#8 D:\Kuliah\Tugas Akhir\WEB 2\original\perlombaan-fit-telkom\vendor\codeigniter4\framework\system\CodeIgniter.php(368): CodeIgniter\CodeIgniter->handleRequest(NULL, Object(Config\Cache), false)
#9 D:\Kuliah\Tugas Akhir\WEB 2\original\perlombaan-fit-telkom\public\index.php(67): CodeIgniter\CodeIgniter->run()
#10 D:\Kuliah\Tugas Akhir\WEB 2\original\perlombaan-fit-telkom\vendor\codeigniter4\framework\system\Commands\Server\rewrite.php(47): require_once('D:\\Kuliah\\Tugas...')
#11 {main}
CRITICAL - 2023-05-26 04:00:57 --> Unable to connect to the database.
Main connection [MySQLi]: No connection could be made because the target machine actively refused it
in SYSTEMPATH\Database\BaseConnection.php on line 427.
 1 SYSTEMPATH\Database\BaseConnection.php(574): CodeIgniter\Database\BaseConnection->initialize()
 2 SYSTEMPATH\Database\BaseBuilder.php(1616): CodeIgniter\Database\BaseConnection->query('SELECT `lomba`.*, `kategori_indo`
FROM `lomba`
JOIN `kategori_lomba` ON `kategori_lomba`.`id`=`lomba`.`kategori_lomba_id`', [], false)
 3 SYSTEMPATH\Model.php(241): CodeIgniter\Database\BaseBuilder->get()
 4 SYSTEMPATH\BaseModel.php(618): CodeIgniter\Model->doFindAll(0, 0)
 5 APPPATH\Controllers\Home.php(16): CodeIgniter\BaseModel->findAll()
 6 SYSTEMPATH\CodeIgniter.php(934): App\Controllers\Home->perlombaan()
 7 SYSTEMPATH\CodeIgniter.php(499): CodeIgniter\CodeIgniter->runController(Object(App\Controllers\Home))
 8 SYSTEMPATH\CodeIgniter.php(368): CodeIgniter\CodeIgniter->handleRequest(null, Object(Config\Cache), false)
 9 FCPATH\index.php(67): CodeIgniter\CodeIgniter->run()
10 SYSTEMPATH\Commands\Server\rewrite.php(47): require_once('D:\\Kuliah\\Tugas Akhir\\WEB 2\\original\\perlombaan-fit-telkom\\public\\index.php')
INFO - 2023-05-26 04:00:59 --> Session: Class initialized using 'CodeIgniter\Session\Handlers\FileHandler' driver.
INFO - 2023-05-26 04:01:04 --> Session: Class initialized using 'CodeIgniter\Session\Handlers\FileHandler' driver.
INFO - 2023-05-26 04:01:29 --> Session: Class initialized using 'CodeIgniter\Session\Handlers\FileHandler' driver.
ERROR - 2023-05-26 04:01:33 --> Error connecting to the database: mysqli_sql_exception: No connection could be made because the target machine actively refused it in D:\Kuliah\Tugas Akhir\WEB 2\original\perlombaan-fit-telkom\vendor\codeigniter4\framework\system\Database\MySQLi\Connection.php:174
Stack trace:
#0 D:\Kuliah\Tugas Akhir\WEB 2\original\perlombaan-fit-telkom\vendor\codeigniter4\framework\system\Database\MySQLi\Connection.php(174): mysqli->real_connect('localhost', 'root', '', 'proyekakhir_db', 3306, '', 0)
#1 D:\Kuliah\Tugas Akhir\WEB 2\original\perlombaan-fit-telkom\vendor\codeigniter4\framework\system\Database\BaseConnection.php(391): CodeIgniter\Database\MySQLi\Connection->connect(false)
#2 D:\Kuliah\Tugas Akhir\WEB 2\original\perlombaan-fit-telkom\vendor\codeigniter4\framework\system\Database\BaseConnection.php(574): CodeIgniter\Database\BaseConnection->initialize()
#3 D:\Kuliah\Tugas Akhir\WEB 2\original\perlombaan-fit-telkom\vendor\codeigniter4\framework\system\Database\BaseBuilder.php(1616): CodeIgniter\Database\BaseConnection->query('SELECT `lomba`....', Array, false)
#4 D:\Kuliah\Tugas Akhir\WEB 2\original\perlombaan-fit-telkom\vendor\codeigniter4\framework\system\Model.php(241): CodeIgniter\Database\BaseBuilder->get()
#5 D:\Kuliah\Tugas Akhir\WEB 2\original\perlombaan-fit-telkom\vendor\codeigniter4\framework\system\BaseModel.php(618): CodeIgniter\Model->doFindAll(0, 0)
#6 D:\Kuliah\Tugas Akhir\WEB 2\original\perlombaan-fit-telkom\app\Controllers\Home.php(16): CodeIgniter\BaseModel->findAll()
#7 D:\Kuliah\Tugas Akhir\WEB 2\original\perlombaan-fit-telkom\vendor\codeigniter4\framework\system\CodeIgniter.php(934): App\Controllers\Home->perlombaan()
#8 D:\Kuliah\Tugas Akhir\WEB 2\original\perlombaan-fit-telkom\vendor\codeigniter4\framework\system\CodeIgniter.php(499): CodeIgniter\CodeIgniter->runController(Object(App\Controllers\Home))
#9 D:\Kuliah\Tugas Akhir\WEB 2\original\perlombaan-fit-telkom\vendor\codeigniter4\framework\system\CodeIgniter.php(368): CodeIgniter\CodeIgniter->handleRequest(NULL, Object(Config\Cache), false)
#10 D:\Kuliah\Tugas Akhir\WEB 2\original\perlombaan-fit-telkom\public\index.php(67): CodeIgniter\CodeIgniter->run()
#11 D:\Kuliah\Tugas Akhir\WEB 2\original\perlombaan-fit-telkom\vendor\codeigniter4\framework\system\Commands\Server\rewrite.php(47): require_once('D:\\Kuliah\\Tugas...')
#12 {main}

Next CodeIgniter\Database\Exceptions\DatabaseException: No connection could be made because the target machine actively refused it in D:\Kuliah\Tugas Akhir\WEB 2\original\perlombaan-fit-telkom\vendor\codeigniter4\framework\system\Database\MySQLi\Connection.php:218
Stack trace:
#0 D:\Kuliah\Tugas Akhir\WEB 2\original\perlombaan-fit-telkom\vendor\codeigniter4\framework\system\Database\BaseConnection.php(391): CodeIgniter\Database\MySQLi\Connection->connect(false)
#1 D:\Kuliah\Tugas Akhir\WEB 2\original\perlombaan-fit-telkom\vendor\codeigniter4\framework\system\Database\BaseConnection.php(574): CodeIgniter\Database\BaseConnection->initialize()
#2 D:\Kuliah\Tugas Akhir\WEB 2\original\perlombaan-fit-telkom\vendor\codeigniter4\framework\system\Database\BaseBuilder.php(1616): CodeIgniter\Database\BaseConnection->query('SELECT `lomba`....', Array, false)
#3 D:\Kuliah\Tugas Akhir\WEB 2\original\perlombaan-fit-telkom\vendor\codeigniter4\framework\system\Model.php(241): CodeIgniter\Database\BaseBuilder->get()
#4 D:\Kuliah\Tugas Akhir\WEB 2\original\perlombaan-fit-telkom\vendor\codeigniter4\framework\system\BaseModel.php(618): CodeIgniter\Model->doFindAll(0, 0)
#5 D:\Kuliah\Tugas Akhir\WEB 2\original\perlombaan-fit-telkom\app\Controllers\Home.php(16): CodeIgniter\BaseModel->findAll()
#6 D:\Kuliah\Tugas Akhir\WEB 2\original\perlombaan-fit-telkom\vendor\codeigniter4\framework\system\CodeIgniter.php(934): App\Controllers\Home->perlombaan()
#7 D:\Kuliah\Tugas Akhir\WEB 2\original\perlombaan-fit-telkom\vendor\codeigniter4\framework\system\CodeIgniter.php(499): CodeIgniter\CodeIgniter->runController(Object(App\Controllers\Home))
#8 D:\Kuliah\Tugas Akhir\WEB 2\original\perlombaan-fit-telkom\vendor\codeigniter4\framework\system\CodeIgniter.php(368): CodeIgniter\CodeIgniter->handleRequest(NULL, Object(Config\Cache), false)
#9 D:\Kuliah\Tugas Akhir\WEB 2\original\perlombaan-fit-telkom\public\index.php(67): CodeIgniter\CodeIgniter->run()
#10 D:\Kuliah\Tugas Akhir\WEB 2\original\perlombaan-fit-telkom\vendor\codeigniter4\framework\system\Commands\Server\rewrite.php(47): require_once('D:\\Kuliah\\Tugas...')
#11 {main}
CRITICAL - 2023-05-26 04:01:33 --> Unable to connect to the database.
Main connection [MySQLi]: No connection could be made because the target machine actively refused it
in SYSTEMPATH\Database\BaseConnection.php on line 427.
 1 SYSTEMPATH\Database\BaseConnection.php(574): CodeIgniter\Database\BaseConnection->initialize()
 2 SYSTEMPATH\Database\BaseBuilder.php(1616): CodeIgniter\Database\BaseConnection->query('SELECT `lomba`.*, `kategori_indo`
FROM `lomba`
JOIN `kategori_lomba` ON `kategori_lomba`.`id`=`lomba`.`kategori_lomba_id`', [], false)
 3 SYSTEMPATH\Model.php(241): CodeIgniter\Database\BaseBuilder->get()
 4 SYSTEMPATH\BaseModel.php(618): CodeIgniter\Model->doFindAll(0, 0)
 5 APPPATH\Controllers\Home.php(16): CodeIgniter\BaseModel->findAll()
 6 SYSTEMPATH\CodeIgniter.php(934): App\Controllers\Home->perlombaan()
 7 SYSTEMPATH\CodeIgniter.php(499): CodeIgniter\CodeIgniter->runController(Object(App\Controllers\Home))
 8 SYSTEMPATH\CodeIgniter.php(368): CodeIgniter\CodeIgniter->handleRequest(null, Object(Config\Cache), false)
 9 FCPATH\index.php(67): CodeIgniter\CodeIgniter->run()
10 SYSTEMPATH\Commands\Server\rewrite.php(47): require_once('D:\\Kuliah\\Tugas Akhir\\WEB 2\\original\\perlombaan-fit-telkom\\public\\index.php')
INFO - 2023-05-26 04:01:33 --> Session: Class initialized using 'CodeIgniter\Session\Handlers\FileHandler' driver.
ERROR - 2023-05-26 04:01:37 --> Error connecting to the database: mysqli_sql_exception: No connection could be made because the target machine actively refused it in D:\Kuliah\Tugas Akhir\WEB 2\original\perlombaan-fit-telkom\vendor\codeigniter4\framework\system\Database\MySQLi\Connection.php:174
Stack trace:
#0 D:\Kuliah\Tugas Akhir\WEB 2\original\perlombaan-fit-telkom\vendor\codeigniter4\framework\system\Database\MySQLi\Connection.php(174): mysqli->real_connect('localhost', 'root', '', 'proyekakhir_db', 3306, '', 0)
#1 D:\Kuliah\Tugas Akhir\WEB 2\original\perlombaan-fit-telkom\vendor\codeigniter4\framework\system\Database\BaseConnection.php(391): CodeIgniter\Database\MySQLi\Connection->connect(false)
#2 D:\Kuliah\Tugas Akhir\WEB 2\original\perlombaan-fit-telkom\vendor\codeigniter4\framework\system\Database\BaseConnection.php(574): CodeIgniter\Database\BaseConnection->initialize()
#3 D:\Kuliah\Tugas Akhir\WEB 2\original\perlombaan-fit-telkom\vendor\codeigniter4\framework\system\Database\BaseBuilder.php(1616): CodeIgniter\Database\BaseConnection->query('SELECT `lomba`....', Array, false)
#4 D:\Kuliah\Tugas Akhir\WEB 2\original\perlombaan-fit-telkom\vendor\codeigniter4\framework\system\Model.php(241): CodeIgniter\Database\BaseBuilder->get()
#5 D:\Kuliah\Tugas Akhir\WEB 2\original\perlombaan-fit-telkom\vendor\codeigniter4\framework\system\BaseModel.php(618): CodeIgniter\Model->doFindAll(0, 0)
#6 D:\Kuliah\Tugas Akhir\WEB 2\original\perlombaan-fit-telkom\app\Controllers\Home.php(16): CodeIgniter\BaseModel->findAll()
#7 D:\Kuliah\Tugas Akhir\WEB 2\original\perlombaan-fit-telkom\vendor\codeigniter4\framework\system\CodeIgniter.php(934): App\Controllers\Home->perlombaan()
#8 D:\Kuliah\Tugas Akhir\WEB 2\original\perlombaan-fit-telkom\vendor\codeigniter4\framework\system\CodeIgniter.php(499): CodeIgniter\CodeIgniter->runController(Object(App\Controllers\Home))
#9 D:\Kuliah\Tugas Akhir\WEB 2\original\perlombaan-fit-telkom\vendor\codeigniter4\framework\system\CodeIgniter.php(368): CodeIgniter\CodeIgniter->handleRequest(NULL, Object(Config\Cache), false)
#10 D:\Kuliah\Tugas Akhir\WEB 2\original\perlombaan-fit-telkom\public\index.php(67): CodeIgniter\CodeIgniter->run()
#11 D:\Kuliah\Tugas Akhir\WEB 2\original\perlombaan-fit-telkom\vendor\codeigniter4\framework\system\Commands\Server\rewrite.php(47): require_once('D:\\Kuliah\\Tugas...')
#12 {main}

Next CodeIgniter\Database\Exceptions\DatabaseException: No connection could be made because the target machine actively refused it in D:\Kuliah\Tugas Akhir\WEB 2\original\perlombaan-fit-telkom\vendor\codeigniter4\framework\system\Database\MySQLi\Connection.php:218
Stack trace:
#0 D:\Kuliah\Tugas Akhir\WEB 2\original\perlombaan-fit-telkom\vendor\codeigniter4\framework\system\Database\BaseConnection.php(391): CodeIgniter\Database\MySQLi\Connection->connect(false)
#1 D:\Kuliah\Tugas Akhir\WEB 2\original\perlombaan-fit-telkom\vendor\codeigniter4\framework\system\Database\BaseConnection.php(574): CodeIgniter\Database\BaseConnection->initialize()
#2 D:\Kuliah\Tugas Akhir\WEB 2\original\perlombaan-fit-telkom\vendor\codeigniter4\framework\system\Database\BaseBuilder.php(1616): CodeIgniter\Database\BaseConnection->query('SELECT `lomba`....', Array, false)
#3 D:\Kuliah\Tugas Akhir\WEB 2\original\perlombaan-fit-telkom\vendor\codeigniter4\framework\system\Model.php(241): CodeIgniter\Database\BaseBuilder->get()
#4 D:\Kuliah\Tugas Akhir\WEB 2\original\perlombaan-fit-telkom\vendor\codeigniter4\framework\system\BaseModel.php(618): CodeIgniter\Model->doFindAll(0, 0)
#5 D:\Kuliah\Tugas Akhir\WEB 2\original\perlombaan-fit-telkom\app\Controllers\Home.php(16): CodeIgniter\BaseModel->findAll()
#6 D:\Kuliah\Tugas Akhir\WEB 2\original\perlombaan-fit-telkom\vendor\codeigniter4\framework\system\CodeIgniter.php(934): App\Controllers\Home->perlombaan()
#7 D:\Kuliah\Tugas Akhir\WEB 2\original\perlombaan-fit-telkom\vendor\codeigniter4\framework\system\CodeIgniter.php(499): CodeIgniter\CodeIgniter->runController(Object(App\Controllers\Home))
#8 D:\Kuliah\Tugas Akhir\WEB 2\original\perlombaan-fit-telkom\vendor\codeigniter4\framework\system\CodeIgniter.php(368): CodeIgniter\CodeIgniter->handleRequest(NULL, Object(Config\Cache), false)
#9 D:\Kuliah\Tugas Akhir\WEB 2\original\perlombaan-fit-telkom\public\index.php(67): CodeIgniter\CodeIgniter->run()
#10 D:\Kuliah\Tugas Akhir\WEB 2\original\perlombaan-fit-telkom\vendor\codeigniter4\framework\system\Commands\Server\rewrite.php(47): require_once('D:\\Kuliah\\Tugas...')
#11 {main}
CRITICAL - 2023-05-26 04:01:37 --> Unable to connect to the database.
Main connection [MySQLi]: No connection could be made because the target machine actively refused it
in SYSTEMPATH\Database\BaseConnection.php on line 427.
 1 SYSTEMPATH\Database\BaseConnection.php(574): CodeIgniter\Database\BaseConnection->initialize()
 2 SYSTEMPATH\Database\BaseBuilder.php(1616): CodeIgniter\Database\BaseConnection->query('SELECT `lomba`.*, `kategori_indo`
FROM `lomba`
JOIN `kategori_lomba` ON `kategori_lomba`.`id`=`lomba`.`kategori_lomba_id`', [], false)
 3 SYSTEMPATH\Model.php(241): CodeIgniter\Database\BaseBuilder->get()
 4 SYSTEMPATH\BaseModel.php(618): CodeIgniter\Model->doFindAll(0, 0)
 5 APPPATH\Controllers\Home.php(16): CodeIgniter\BaseModel->findAll()
 6 SYSTEMPATH\CodeIgniter.php(934): App\Controllers\Home->perlombaan()
 7 SYSTEMPATH\CodeIgniter.php(499): CodeIgniter\CodeIgniter->runController(Object(App\Controllers\Home))
 8 SYSTEMPATH\CodeIgniter.php(368): CodeIgniter\CodeIgniter->handleRequest(null, Object(Config\Cache), false)
 9 FCPATH\index.php(67): CodeIgniter\CodeIgniter->run()
10 SYSTEMPATH\Commands\Server\rewrite.php(47): require_once('D:\\Kuliah\\Tugas Akhir\\WEB 2\\original\\perlombaan-fit-telkom\\public\\index.php')
INFO - 2023-05-26 04:01:39 --> Session: Class initialized using 'CodeIgniter\Session\Handlers\FileHandler' driver.
